<?xml version="1.0" encoding="UTF-8"?>
<testng-results ignored="0" total="2" passed="2" failed="0" skipped="0">
  <reporter-output>
  </reporter-output>
  <suite started-at="2023-05-11T15:43:18 CEST" name="OPenCartSuite" finished-at="2023-05-11T15:43:47 CEST" duration-ms="28526">
    <groups>
      <group name="Master">
        <method signature="TC_001_AccountRegistrationTest.test_Account_Registraion()[pri:0, instance:testCases.TC_001_AccountRegistrationTest@4466af20]" name="test_Account_Registraion" class="testCases.TC_001_AccountRegistrationTest"/>
        <method signature="TC_002_Login.test_login()[pri:0, instance:testCases.TC_002_Login@4cc451f2]" name="test_login" class="testCases.TC_002_Login"/>
      </group> <!-- Master -->
      <group name="Sanity">
        <method signature="TC_002_Login.test_login()[pri:0, instance:testCases.TC_002_Login@4cc451f2]" name="test_login" class="testCases.TC_002_Login"/>
      </group> <!-- Sanity -->
      <group name="Regression">
        <method signature="TC_001_AccountRegistrationTest.test_Account_Registraion()[pri:0, instance:testCases.TC_001_AccountRegistrationTest@4466af20]" name="test_Account_Registraion" class="testCases.TC_001_AccountRegistrationTest"/>
      </group> <!-- Regression -->
    </groups>
    <test started-at="2023-05-11T15:43:18 CEST" name="OpenCartTest" finished-at="2023-05-11T15:43:47 CEST" duration-ms="28526">
      <class name="testCases.TC_001_AccountRegistrationTest">
        <test-method is-config="true" signature="setup(java.lang.String)[pri:0, instance:testCases.TC_001_AccountRegistrationTest@4466af20]" started-at="2023-05-11T15:43:19 CEST" name="setup" finished-at="2023-05-11T15:43:35 CEST" duration-ms="15938" status="PASS">
          <params>
            <param index="0">
              <value>
                <![CDATA[chrome]]>
              </value>
            </param>
          </params>
          <reporter-output>
          </reporter-output>
        </test-method> <!-- setup -->
        <test-method signature="test_Account_Registraion()[pri:0, instance:testCases.TC_001_AccountRegistrationTest@4466af20]" started-at="2023-05-11T15:43:35 CEST" name="test_Account_Registraion" finished-at="2023-05-11T15:43:38 CEST" duration-ms="3718" status="PASS">
          <reporter-output>
          </reporter-output>
        </test-method> <!-- test_Account_Registraion -->
        <test-method is-config="true" signature="tearDown()[pri:0, instance:testCases.TC_001_AccountRegistrationTest@4466af20]" started-at="2023-05-11T15:43:39 CEST" name="tearDown" finished-at="2023-05-11T15:43:39 CEST" duration-ms="396" status="PASS">
          <reporter-output>
          </reporter-output>
        </test-method> <!-- tearDown -->
      </class> <!-- testCases.TC_001_AccountRegistrationTest -->
      <class name="testCases.TC_002_Login">
        <test-method is-config="true" signature="setup(java.lang.String)[pri:0, instance:testCases.TC_002_Login@4cc451f2]" started-at="2023-05-11T15:43:39 CEST" name="setup" finished-at="2023-05-11T15:43:44 CEST" duration-ms="5584" status="PASS">
          <params>
            <param index="0">
              <value>
                <![CDATA[chrome]]>
              </value>
            </param>
          </params>
          <reporter-output>
          </reporter-output>
        </test-method> <!-- setup -->
        <test-method signature="test_login()[pri:0, instance:testCases.TC_002_Login@4cc451f2]" started-at="2023-05-11T15:43:44 CEST" name="test_login" finished-at="2023-05-11T15:43:47 CEST" duration-ms="2178" status="PASS">
          <reporter-output>
          </reporter-output>
        </test-method> <!-- test_login -->
        <test-method is-config="true" signature="tearDown()[pri:0, instance:testCases.TC_002_Login@4cc451f2]" started-at="2023-05-11T15:43:47 CEST" name="tearDown" finished-at="2023-05-11T15:43:47 CEST" duration-ms="299" status="PASS">
          <reporter-output>
          </reporter-output>
        </test-method> <!-- tearDown -->
      </class> <!-- testCases.TC_002_Login -->
    </test> <!-- OpenCartTest -->
  </suite> <!-- OPenCartSuite -->
</testng-results>
