<?xml version="1.0" encoding="UTF-8"?>
<testng-results ignored="0" total="2" passed="2" failed="0" skipped="0">
  <reporter-output>
  </reporter-output>
  <suite started-at="2023-05-10T10:35:52 CEST" name="OPenCartSuite" finished-at="2023-05-10T10:36:43 CEST" duration-ms="51120">
    <groups>
      <group name="Master">
        <method signature="TC_001_AccountRegistrationTest.test_Account_Registraion()[pri:0, instance:testCases.TC_001_AccountRegistrationTest@1aafa419]" name="test_Account_Registraion" class="testCases.TC_001_AccountRegistrationTest"/>
        <method signature="TC_002_Login.test_login()[pri:0, instance:testCases.TC_002_Login@14cd1699]" name="test_login" class="testCases.TC_002_Login"/>
      </group> <!-- Master -->
      <group name="Sanity">
        <method signature="TC_002_Login.test_login()[pri:0, instance:testCases.TC_002_Login@14cd1699]" name="test_login" class="testCases.TC_002_Login"/>
      </group> <!-- Sanity -->
      <group name="Regression">
        <method signature="TC_001_AccountRegistrationTest.test_Account_Registraion()[pri:0, instance:testCases.TC_001_AccountRegistrationTest@1aafa419]" name="test_Account_Registraion" class="testCases.TC_001_AccountRegistrationTest"/>
      </group> <!-- Regression -->
    </groups>
    <test started-at="2023-05-10T10:35:52 CEST" name="OpenCartTest" finished-at="2023-05-10T10:36:43 CEST" duration-ms="51120">
      <class name="testCases.TC_001_AccountRegistrationTest">
        <test-method is-config="true" signature="setup(java.lang.String)[pri:0, instance:testCases.TC_001_AccountRegistrationTest@1aafa419]" started-at="2023-05-10T10:35:52 CEST" name="setup" finished-at="2023-05-10T10:36:17 CEST" duration-ms="24549" status="PASS">
          <params>
            <param index="0">
              <value>
                <![CDATA[chrome]]>
              </value>
            </param>
          </params>
          <reporter-output>
          </reporter-output>
        </test-method> <!-- setup -->
        <test-method signature="test_Account_Registraion()[pri:0, instance:testCases.TC_001_AccountRegistrationTest@1aafa419]" started-at="2023-05-10T10:36:17 CEST" name="test_Account_Registraion" finished-at="2023-05-10T10:36:26 CEST" duration-ms="8913" status="PASS">
          <reporter-output>
          </reporter-output>
        </test-method> <!-- test_Account_Registraion -->
        <test-method is-config="true" signature="tearDown()[pri:0, instance:testCases.TC_001_AccountRegistrationTest@1aafa419]" started-at="2023-05-10T10:36:26 CEST" name="tearDown" finished-at="2023-05-10T10:36:27 CEST" duration-ms="635" status="PASS">
          <reporter-output>
          </reporter-output>
        </test-method> <!-- tearDown -->
      </class> <!-- testCases.TC_001_AccountRegistrationTest -->
      <class name="testCases.TC_002_Login">
        <test-method is-config="true" signature="setup(java.lang.String)[pri:0, instance:testCases.TC_002_Login@14cd1699]" started-at="2023-05-10T10:36:27 CEST" name="setup" finished-at="2023-05-10T10:36:36 CEST" duration-ms="8972" status="PASS">
          <params>
            <param index="0">
              <value>
                <![CDATA[chrome]]>
              </value>
            </param>
          </params>
          <reporter-output>
          </reporter-output>
        </test-method> <!-- setup -->
        <test-method signature="test_login()[pri:0, instance:testCases.TC_002_Login@14cd1699]" started-at="2023-05-10T10:36:36 CEST" name="test_login" finished-at="2023-05-10T10:36:43 CEST" duration-ms="7134" status="PASS">
          <reporter-output>
          </reporter-output>
        </test-method> <!-- test_login -->
        <test-method is-config="true" signature="tearDown()[pri:0, instance:testCases.TC_002_Login@14cd1699]" started-at="2023-05-10T10:36:43 CEST" name="tearDown" finished-at="2023-05-10T10:36:43 CEST" duration-ms="422" status="PASS">
          <reporter-output>
          </reporter-output>
        </test-method> <!-- tearDown -->
      </class> <!-- testCases.TC_002_Login -->
    </test> <!-- OpenCartTest -->
  </suite> <!-- OPenCartSuite -->
</testng-results>
